[debug] [2017-10-23T01:49:39.595Z] ----------------------------------------------------------------------
[debug] [2017-10-23T01:49:39.597Z] Command:       /Users/lok/.nvm/versions/node/v8.0.0/bin/node /Users/lok/.nvm/versions/node/v8.0.0/bin/firebase deploy
[debug] [2017-10-23T01:49:39.597Z] CLI Version:   3.12.0
[debug] [2017-10-23T01:49:39.597Z] Platform:      darwin
[debug] [2017-10-23T01:49:39.597Z] Node Version:  v8.0.0
[debug] [2017-10-23T01:49:39.597Z] Time:          Mon Oct 23 2017 09:49:39 GMT+0800 (HKT)
[debug] [2017-10-23T01:49:39.597Z] ----------------------------------------------------------------------
[debug] 
[debug] [2017-10-23T01:49:39.610Z] > command requires scopes: ["email","openid","https://www.googleapis.com/auth/cloudplatformprojects.readonly","https://www.googleapis.com/auth/firebase","https://www.googleapis.com/auth/cloud-platform"]
[debug] [2017-10-23T01:49:39.610Z] > authorizing via signed-in user
[debug] [2017-10-23T01:49:39.612Z] > refreshing access token with scopes: ["email","https://www.googleapis.com/auth/cloud-platform","https://www.googleapis.com/auth/cloudplatformprojects.readonly","https://www.googleapis.com/auth/firebase","openid"]
[debug] [2017-10-23T01:49:39.612Z] >>> HTTP REQUEST POST https://www.googleapis.com/oauth2/v3/token { refresh_token: '1/sGbwP0wnm03XWWLfDIozZqbF5WSEjy9Kwj30CsRKeZ4',
  client_id: '563584335869-fgrhgmd47bqnekij5i8b5pr03ho849e6.apps.googleusercontent.com',
  client_secret: 'j9iVZfS8kkCEFUPaAeJV0sAi',
  grant_type: 'refresh_token',
  scope: 'email https://www.googleapis.com/auth/cloud-platform https://www.googleapis.com/auth/cloudplatformprojects.readonly https://www.googleapis.com/auth/firebase openid' } 
 Mon Oct 23 2017 09:49:39 GMT+0800 (HKT)
[debug] [2017-10-23T01:49:40.724Z] <<< HTTP RESPONSE 200
[debug] [2017-10-23T01:49:40.731Z] >>> HTTP REQUEST GET https://admin.firebase.com/v1/projects/loklokcms  
 Mon Oct 23 2017 09:49:40 GMT+0800 (HKT)
[debug] [2017-10-23T01:49:43.646Z] <<< HTTP RESPONSE 200
[debug] [2017-10-23T01:49:43.647Z] >>> HTTP REQUEST GET https://admin.firebase.com/v1/database/loklokcms/tokens  
 Mon Oct 23 2017 09:49:43 GMT+0800 (HKT)
[debug] [2017-10-23T01:49:51.705Z] <<< HTTP RESPONSE 200
[info] 
[info] === Deploying to 'loklokcms'...
[info] 
[info] i  deploying database, functions, hosting
[info] ✔  database: rules ready to deploy.
[debug] [2017-10-23T01:50:00.788Z] > [functions] package.json contents: {
  "name": "functions",
  "description": "Cloud Functions for Firebase",
  "dependencies": {
    "express": "^4.16.0",
    "firebase-admin": "~5.2.1",
    "firebase-functions": "^0.6.2"
  },
  "private": true
}
[info] i  functions: ensuring necessary APIs are enabled...
[info] i  runtimeconfig: ensuring necessary APIs are enabled...
[debug] [2017-10-23T01:50:00.789Z] >>> HTTP REQUEST GET https://servicemanagement.googleapis.com/v1/services/cloudfunctions.googleapis.com/projectSettings/loklokcms?view=CONSUMER_VIEW  
 Mon Oct 23 2017 09:50:00 GMT+0800 (HKT)
[debug] [2017-10-23T01:50:00.790Z] >>> HTTP REQUEST GET https://servicemanagement.googleapis.com/v1/services/runtimeconfig.googleapis.com/projectSettings/loklokcms?view=CONSUMER_VIEW  
 Mon Oct 23 2017 09:50:00 GMT+0800 (HKT)
[debug] [2017-10-23T01:50:03.741Z] <<< HTTP RESPONSE 200
[info] ✔  functions: all necessary APIs are enabled
[debug] [2017-10-23T01:50:03.891Z] <<< HTTP RESPONSE 200
[info] ✔  runtimeconfig: all necessary APIs are enabled
[debug] [2017-10-23T01:50:03.893Z] >>> HTTP REQUEST GET https://appengine.googleapis.com/v1/apps/loklokcms  
 Mon Oct 23 2017 09:50:03 GMT+0800 (HKT)
[debug] [2017-10-23T01:50:03.893Z] >>> HTTP REQUEST GET https://apikeys.googleapis.com/v1/projects/loklokcms/apiKeys  
 Mon Oct 23 2017 09:50:03 GMT+0800 (HKT)
[debug] [2017-10-23T01:50:12.200Z] <<< HTTP RESPONSE 200
[debug] [2017-10-23T01:50:12.227Z] <<< HTTP RESPONSE 200
[info] i  functions: preparing functions directory for uploading...
[debug] [2017-10-23T01:50:14.595Z] >>> HTTP REQUEST GET https://runtimeconfig.googleapis.com/v1beta1/projects/loklokcms/configs  
 Mon Oct 23 2017 09:50:14 GMT+0800 (HKT)
[debug] [2017-10-23T01:50:15.243Z] <<< HTTP RESPONSE 200
[info] i  hosting: preparing dist directory for upload...
[debug] [2017-10-23T01:50:16.047Z] >>> HTTP REQUEST PUT https://deploy.firebase.com/v1/hosting/loklokcms/uploads/-Kx5v3mMmnWwLt3wNm52?fileCount=97&message=  
 Mon Oct 23 2017 09:50:16 GMT+0800 (HKT)
[debug] [2017-10-23T01:55:54.688Z] Error: socket hang up
    at createHangUpError (_http_client.js:343:15)
    at TLSSocket.socketOnEnd (_http_client.js:435:23)
    at emitNone (events.js:110:20)
    at TLSSocket.emit (events.js:207:7)
    at endReadableNT (_stream_readable.js:1045:12)
    at _combinedTickCallback (internal/process/next_tick.js:102:11)
    at process._tickDomainCallback (internal/process/next_tick.js:198:9)
[error] 
[error] Error: Server Error. socket hang up
